<?xml version="1.0" encoding="UTF-8"?>
<testsuite xmlns:xsi="http://www.w3.org/2001/XMLSchema-instance" xsi:noNamespaceSchemaLocation="https://maven.apache.org/surefire/maven-surefire-plugin/xsd/surefire-test-report-3.0.xsd" version="3.0" name="dev.BlueOrcaz.Quizzify.QuizzifyApplicationTests" time="1.977" tests="1" errors="0" skipped="0" failures="0">
  <properties>
[...]
</properties>
  <testcase name="contextLoads" classname="dev.BlueOrcaz.Quizzify.QuizzifyApplicationTests" time="0.509">
    <system-out><![CDATA[18:27:39.575 [main] INFO org.springframework.test.context.support.AnnotationConfigContextLoaderUtils -- Could not detect default configuration classes for test class [dev.BlueOrcaz.Quizzify.QuizzifyApplicationTests]: QuizzifyApplicationTests does not declare any static, non-private, non-final, nested classes annotated with @Configuration.
18:27:39.623 [main] INFO org.springframework.boot.test.context.SpringBootTestContextBootstrapper -- Found @SpringBootConfiguration dev.BlueOrcaz.Quizzify.QuizzifyApplication for test class dev.BlueOrcaz.Quizzify.QuizzifyApplicationTests
18:27:39.696 [main] INFO org.springframework.boot.devtools.restart.RestartApplicationListener -- Restart disabled due to context in which it is running

  .   ____          _            __ _ _
 /\\ / ___'_ __ _ _(_)_ __  __ _ \ \ \ \
( ( )\___ | '_ | '_| | '_ \/ _` | \ \ \ \
 \\/  ___)| |_)| | | | | || (_| |  ) ) ) )
  '  |____| .__|_| |_|_| |_\__, | / / / /
 =========|_|==============|___/=/_/_/_/
 :: Spring Boot ::                (v3.2.2)

2024-05-02T18:27:39.804+10:00  INFO 2152 --- [           main] m.p.springdotenv.DotenvPropertySource    : Initializing Dotenv with DotenvConfig{directory=null, filename=null, ignoreIfMalformed=false, ignoreIfMissing=true, systemProperties=false, prefix=null}
2024-05-02T18:27:39.809+10:00  INFO 2152 --- [           main] d.B.Quizzify.QuizzifyApplicationTests    : Starting QuizzifyApplicationTests using Java 21.0.2 with PID 2152 (started by Bond in /Users/Bond/Documents/Quizzify/QuizzifyBackend)
2024-05-02T18:27:39.809+10:00  INFO 2152 --- [           main] d.B.Quizzify.QuizzifyApplicationTests    : No active profile set, falling back to 1 default profile: "default"
2024-05-02T18:27:40.123+10:00  INFO 2152 --- [           main] .s.d.r.c.RepositoryConfigurationDelegate : Bootstrapping Spring Data MongoDB repositories in DEFAULT mode.
2024-05-02T18:27:40.148+10:00  INFO 2152 --- [           main] .s.d.r.c.RepositoryConfigurationDelegate : Finished Spring Data repository scanning in 22 ms. Found 3 MongoDB repository interfaces.
2024-05-02T18:27:40.389+10:00  INFO 2152 --- [           main] org.mongodb.driver.client                : MongoClient with metadata {"driver": {"name": "mongo-java-driver|sync|spring-boot", "version": "4.11.1"}, "os": {"type": "Darwin", "name": "Mac OS X", "architecture": "aarch64", "version": "14.4.1"}, "platform": "Java/Eclipse Adoptium/21.0.2+13-LTS"} created with settings MongoClientSettings{readPreference=primary, writeConcern=WriteConcern{w=null, wTimeout=null ms, journal=null}, retryWrites=true, retryReads=true, readConcern=ReadConcern{level=null}, credential=MongoCredential{mechanism=null, userName='admin', source='admin', password=<hidden>, mechanismProperties=<hidden>}, transportSettings=null, streamFactoryFactory=null, commandListeners=[], codecRegistry=ProvidersCodecRegistry{codecProviders=[ValueCodecProvider{}, BsonValueCodecProvider{}, DBRefCodecProvider{}, DBObjectCodecProvider{}, DocumentCodecProvider{}, CollectionCodecProvider{}, IterableCodecProvider{}, MapCodecProvider{}, GeoJsonCodecProvider{}, GridFSFileCodecProvider{}, Jsr310CodecProvider{}, JsonObjectCodecProvider{}, BsonCodecProvider{}, EnumCodecProvider{}, com.mongodb.client.model.mql.ExpressionCodecProvider@33feda48, com.mongodb.Jep395RecordCodecProvider@6588b715, com.mongodb.KotlinCodecProvider@15a3b42]}, loggerSettings=LoggerSettings{maxDocumentLength=1000}, clusterSettings={hosts=[127.0.0.1:27017], srvHost=cluster0.hegzqty.mongodb.net, srvServiceName=mongodb, mode=MULTIPLE, requiredClusterType=REPLICA_SET, requiredReplicaSetName='atlas-cx1wgv-shard-0', serverSelector='null', clusterListeners='[]', serverSelectionTimeout='30000 ms', localThreshold='15 ms'}, socketSettings=SocketSettings{connectTimeoutMS=10000, readTimeoutMS=0, receiveBufferSize=0, proxySettings=ProxySettings{host=null, port=null, username=null, password=null}}, heartbeatSocketSettings=SocketSettings{connectTimeoutMS=10000, readTimeoutMS=10000, receiveBufferSize=0, proxySettings=ProxySettings{host=null, port=null, username=null, password=null}}, connectionPoolSettings=ConnectionPoolSettings{maxSize=100, minSize=0, maxWaitTimeMS=120000, maxConnectionLifeTimeMS=0, maxConnectionIdleTimeMS=0, maintenanceInitialDelayMS=0, maintenanceFrequencyMS=60000, connectionPoolListeners=[], maxConnecting=2}, serverSettings=ServerSettings{heartbeatFrequencyMS=10000, minHeartbeatFrequencyMS=500, serverListeners='[]', serverMonitorListeners='[]'}, sslSettings=SslSettings{enabled=true, invalidHostNameAllowed=false, context=null}, applicationName='null', compressorList=[], uuidRepresentation=JAVA_LEGACY, serverApi=null, autoEncryptionSettings=null, dnsClient=null, inetAddressResolver=null, contextProvider=null}
2024-05-02T18:27:40.407+10:00  INFO 2152 --- [qty.mongodb.net] org.mongodb.driver.cluster               : Adding discovered server ac-lljdp5h-shard-00-02.hegzqty.mongodb.net:27017 to client view of cluster
2024-05-02T18:27:40.418+10:00  INFO 2152 --- [qty.mongodb.net] org.mongodb.driver.cluster               : Adding discovered server ac-lljdp5h-shard-00-00.hegzqty.mongodb.net:27017 to client view of cluster
2024-05-02T18:27:40.421+10:00  INFO 2152 --- [qty.mongodb.net] org.mongodb.driver.cluster               : Adding discovered server ac-lljdp5h-shard-00-01.hegzqty.mongodb.net:27017 to client view of cluster
2024-05-02T18:27:40.940+10:00  INFO 2152 --- [           main] d.B.Quizzify.QuizzifyApplicationTests    : Started QuizzifyApplicationTests in 1.252 seconds (process running for 1.798)
2024-05-02T18:27:40.958+10:00  INFO 2152 --- [ngodb.net:27017] org.mongodb.driver.cluster               : Monitor thread successfully connected to server with description ServerDescription{address=ac-lljdp5h-shard-00-01.hegzqty.mongodb.net:27017, type=REPLICA_SET_PRIMARY, state=CONNECTED, ok=true, minWireVersion=0, maxWireVersion=21, maxDocumentSize=16777216, logicalSessionTimeoutMinutes=30, roundTripTimeNanos=223292583, setName='atlas-cx1wgv-shard-0', canonicalAddress=ac-lljdp5h-shard-00-01.hegzqty.mongodb.net:27017, hosts=[ac-lljdp5h-shard-00-00.hegzqty.mongodb.net:27017, ac-lljdp5h-shard-00-01.hegzqty.mongodb.net:27017, ac-lljdp5h-shard-00-02.hegzqty.mongodb.net:27017], passives=[], arbiters=[], primary='ac-lljdp5h-shard-00-01.hegzqty.mongodb.net:27017', tagSet=TagSet{[Tag{name='availabilityZone', value='apse2-az1'}, Tag{name='diskState', value='READY'}, Tag{name='nodeType', value='ELECTABLE'}, Tag{name='provider', value='AWS'}, Tag{name='region', value='AP_SOUTHEAST_2'}, Tag{name='workloadType', value='OPERATIONAL'}]}, electionId=7fffffff000000000000012f, setVersion=7, topologyVersion=TopologyVersion{processId=66217481c19a0c1cef09fb1e, counter=6}, lastWriteDate=Thu May 02 18:27:41 AEST 2024, lastUpdateTimeNanos=5859329903958}
2024-05-02T18:27:40.959+10:00  INFO 2152 --- [ngodb.net:27017] org.mongodb.driver.cluster               : Monitor thread successfully connected to server with description ServerDescription{address=ac-lljdp5h-shard-00-00.hegzqty.mongodb.net:27017, type=REPLICA_SET_SECONDARY, state=CONNECTED, ok=true, minWireVersion=0, maxWireVersion=21, maxDocumentSize=16777216, logicalSessionTimeoutMinutes=30, roundTripTimeNanos=222748375, setName='atlas-cx1wgv-shard-0', canonicalAddress=ac-lljdp5h-shard-00-00.hegzqty.mongodb.net:27017, hosts=[ac-lljdp5h-shard-00-00.hegzqty.mongodb.net:27017, ac-lljdp5h-shard-00-01.hegzqty.mongodb.net:27017, ac-lljdp5h-shard-00-02.hegzqty.mongodb.net:27017], passives=[], arbiters=[], primary='ac-lljdp5h-shard-00-01.hegzqty.mongodb.net:27017', tagSet=TagSet{[Tag{name='availabilityZone', value='apse2-az3'}, Tag{name='diskState', value='READY'}, Tag{name='nodeType', value='ELECTABLE'}, Tag{name='provider', value='AWS'}, Tag{name='region', value='AP_SOUTHEAST_2'}, Tag{name='workloadType', value='OPERATIONAL'}]}, electionId=null, setVersion=7, topologyVersion=TopologyVersion{processId=662172682160adead05b5968, counter=4}, lastWriteDate=Thu May 02 18:27:41 GMT+10:00 2024, lastUpdateTimeNanos=5859329928541}
2024-05-02T18:27:40.959+10:00  INFO 2152 --- [ngodb.net:27017] org.mongodb.driver.cluster               : Monitor thread successfully connected to server with description ServerDescription{address=ac-lljdp5h-shard-00-02.hegzqty.mongodb.net:27017, type=REPLICA_SET_SECONDARY, state=CONNECTED, ok=true, minWireVersion=0, maxWireVersion=21, maxDocumentSize=16777216, logicalSessionTimeoutMinutes=30, roundTripTimeNanos=222689250, setName='atlas-cx1wgv-shard-0', canonicalAddress=ac-lljdp5h-shard-00-02.hegzqty.mongodb.net:27017, hosts=[ac-lljdp5h-shard-00-00.hegzqty.mongodb.net:27017, ac-lljdp5h-shard-00-01.hegzqty.mongodb.net:27017, ac-lljdp5h-shard-00-02.hegzqty.mongodb.net:27017], passives=[], arbiters=[], primary='ac-lljdp5h-shard-00-01.hegzqty.mongodb.net:27017', tagSet=TagSet{[Tag{name='availabilityZone', value='apse2-az2'}, Tag{name='diskState', value='READY'}, Tag{name='nodeType', value='ELECTABLE'}, Tag{name='provider', value='AWS'}, Tag{name='region', value='AP_SOUTHEAST_2'}, Tag{name='workloadType', value='OPERATIONAL'}]}, electionId=null, setVersion=7, topologyVersion=TopologyVersion{processId=66217719121b0627e2b00a3a, counter=3}, lastWriteDate=Thu May 02 18:27:41 GMT+10:00 2024, lastUpdateTimeNanos=5859329919083}
2024-05-02T18:27:40.961+10:00  INFO 2152 --- [ngodb.net:27017] org.mongodb.driver.cluster               : Discovered replica set primary ac-lljdp5h-shard-00-01.hegzqty.mongodb.net:27017 with max election id 7fffffff000000000000012f and max set version 7
]]></system-out>
    <system-err><![CDATA[WARNING: A Java agent has been loaded dynamically (/Users/Bond/.m2/repository/net/bytebuddy/byte-buddy-agent/1.14.11/byte-buddy-agent-1.14.11.jar)
WARNING: If a serviceability tool is in use, please run with -XX:+EnableDynamicAgentLoading to hide this warning
WARNING: If a serviceability tool is not in use, please run with -Djdk.instrument.traceUsage for more information
WARNING: Dynamic loading of agents will be disallowed by default in a future release
]]></system-err>
  </testcase>
</testsuite>